<?xml version="1.0" encoding="UTF-8"?>
<!-- Generated by org.testng.reporters.JUnitXMLReporter -->
<testsuite hostname="ATMECSINDT-080" ignored="0" name="Default test" tests="5" failures="0" timestamp="08 Nov 2019 14:59:26 GMT" time="36.314" errors="0">
  <testcase name="setup" time="3.605" classname="com.atmecs.ninja.testbase.InvokeBrowser"/>
  <testcase name="login" time="23.077" classname="com.atmecs.ninja.testscripts.HomePage"/>
  <testcase name="merchandiseOrderPage" time="5.83" classname="com.atmecs.ninja.testscripts.MerchandisePage"/>
  <testcase name="clickCartAndViewDetails" time="2.214" classname="com.atmecs.ninja.testscripts.BuyProduct"/>
  <testcase name="clickProduct" time="1.533" classname="com.atmecs.ninja.testscripts.BuyProduct"/>
</testsuite> <!-- Default test -->
