<?xml version="1.0" encoding="UTF-8"?>
<testng-results skipped="0" failed="0" ignored="0" total="5" passed="5">
  <reporter-output>
  </reporter-output>
  <suite name="Default suite" duration-ms="36314" started-at="2019-11-08T14:58:50Z" finished-at="2019-11-08T14:59:26Z">
    <groups>
    </groups>
    <test name="Default test" duration-ms="36314" started-at="2019-11-08T14:58:50Z" finished-at="2019-11-08T14:59:26Z">
      <class name="com.atmecs.ninja.testscripts.BuyProduct">
        <test-method status="PASS" signature="setup()[pri:1, instance:com.atmecs.ninja.testscripts.BuyProduct@4fe3c938]" name="setup" duration-ms="3605" started-at="2019-11-08T14:58:50Z" finished-at="2019-11-08T14:58:53Z">
          <reporter-output>
          </reporter-output>
        </test-method> <!-- setup -->
        <test-method status="PASS" signature="login()[pri:2, instance:com.atmecs.ninja.testscripts.BuyProduct@4fe3c938]" name="login" duration-ms="23077" started-at="2019-11-08T14:58:53Z" finished-at="2019-11-08T14:59:16Z">
          <reporter-output>
          </reporter-output>
        </test-method> <!-- login -->
        <test-method status="PASS" signature="merchandiseOrderPage()[pri:3, instance:com.atmecs.ninja.testscripts.BuyProduct@4fe3c938]" name="merchandiseOrderPage" duration-ms="5830" started-at="2019-11-08T14:59:16Z" finished-at="2019-11-08T14:59:22Z">
          <reporter-output>
          </reporter-output>
        </test-method> <!-- merchandiseOrderPage -->
        <test-method status="PASS" signature="clickCartAndViewDetails()[pri:4, instance:com.atmecs.ninja.testscripts.BuyProduct@4fe3c938]" name="clickCartAndViewDetails" duration-ms="2214" started-at="2019-11-08T14:59:22Z" finished-at="2019-11-08T14:59:24Z">
          <reporter-output>
          </reporter-output>
        </test-method> <!-- clickCartAndViewDetails -->
        <test-method status="PASS" signature="clickProduct()[pri:5, instance:com.atmecs.ninja.testscripts.BuyProduct@4fe3c938]" name="clickProduct" duration-ms="1533" started-at="2019-11-08T14:59:24Z" finished-at="2019-11-08T14:59:26Z">
          <reporter-output>
          </reporter-output>
        </test-method> <!-- clickProduct -->
      </class> <!-- com.atmecs.ninja.testscripts.BuyProduct -->
    </test> <!-- Default test -->
  </suite> <!-- Default suite -->
</testng-results>
